[2025/06/20 23:57:40.805 | db.Bot.main(Bot.java:70)] Starting DarkBot 1.131.6 b3
[2025/06/20 23:57:41.172 | db.utils.CaptchaAPI.createInstance(CaptchaAPI.java:20)] Library file lib\captchasolver.jar not present
[2025/06/20 23:57:41.173 | db.utils.CaptchaAPI.createInstance(CaptchaAPI.java:22)] No captcha resolver is configured, if you're not trying to use one you can safely ignore this message
[2025/06/20 23:57:41.296 | db.utils.LibSetup.downloadLib(LibSetup.java:85)] Downloading missing or outdated library file: lib\KekkaPlayer.dll
[1] eu.darkbot.api.exceptions.FailedCreationException: Exception calling constructor for API: eu.darkbot.popcorn.def.CaptchaPicker
	at eu.darkbot.impl.PluginApiImpl.createNewInstance(PluginApiImpl.java:96)
	at eu.darkbot.impl.PluginApiImpl.getOrCreate(PluginApiImpl.java:74)
	at eu.darkbot.impl.PluginApiImpl.requireInstance(PluginApiImpl.java:149)
	at com.github.manolo8.darkbot.extensions.features.FeatureInstanceLoader.loadFeature(FeatureInstanceLoader.java:41)
	at com.github.manolo8.darkbot.extensions.features.FeatureRegistry.getFeature(FeatureRegistry.java:125)
	at com.github.manolo8.darkbot.extensions.features.FeatureRegistry.getFeature(FeatureRegistry.java:143)
	at java.base/java.util.stream.ReferencePipeline$3$1.accept(ReferencePipeline.java:195)
	at java.base/java.util.stream.ReferencePipeline$3$1.accept(ReferencePipeline.java:195)
	at java.base/java.util.stream.ReferencePipeline$2$1.accept(ReferencePipeline.java:177)
	at java.base/java.util.stream.ReferencePipeline$2$1.accept(ReferencePipeline.java:177)
	at java.base/java.util.Iterator.forEachRemaining(Iterator.java:133)
	at java.base/java.util.Spliterators$IteratorSpliterator.forEachRemaining(Spliterators.java:1801)
	at java.base/java.util.stream.AbstractPipeline.copyInto(AbstractPipeline.java:484)
	at java.base/java.util.stream.AbstractPipeline.wrapAndCopyInto(AbstractPipeline.java:474)
	at java.base/java.util.stream.ReduceOps$ReduceOp.evaluateSequential(ReduceOps.java:913)
	at java.base/java.util.stream.AbstractPipeline.evaluate(AbstractPipeline.java:234)
	at java.base/java.util.stream.ReferencePipeline.collect(ReferencePipeline.java:578)
	at com.github.manolo8.darkbot.extensions.features.handlers.BehaviourHandler.update(BehaviourHandler.java:36)
	at com.github.manolo8.darkbot.extensions.features.FeatureRegisterHandler.update(FeatureRegisterHandler.java:55)
	at java.base/java.util.ArrayList.forEach(ArrayList.java:1541)
	at com.github.manolo8.darkbot.extensions.features.FeatureRegisterHandler.update(FeatureRegisterHandler.java:49)
	at com.github.manolo8.darkbot.extensions.features.FeatureRegistry.afterLoad(FeatureRegistry.java:71)
	at java.base/java.util.ArrayList.forEach(ArrayList.java:1541)
	at com.github.manolo8.darkbot.extensions.plugins.PluginHandler.updatePluginsInternal(PluginHandler.java:152)
	at com.github.manolo8.darkbot.extensions.plugins.PluginHandler.updatePluginsSync(PluginHandler.java:106)
	at com.github.manolo8.darkbot.Main.<init>(Main.java:182)
	at com.github.manolo8.darkbot.Bot.lambda$main$1(Bot.java:75)
	at java.desktop/java.awt.event.InvocationEvent.dispatch(InvocationEvent.java:313)
	at java.desktop/java.awt.EventQueue.dispatchEventImpl(EventQueue.java:770)
	at java.desktop/java.awt.EventQueue$4.run(EventQueue.java:721)
	at java.desktop/java.awt.EventQueue$4.run(EventQueue.java:715)
	at java.base/java.security.AccessController.doPrivileged(Native Method)
	at java.base/java.security.ProtectionDomain$JavaSecurityAccessImpl.doIntersectionPrivilege(ProtectionDomain.java:85)
	at java.desktop/java.awt.EventQueue.dispatchEvent(EventQueue.java:740)
	at java.desktop/java.awt.EventDispatchThread.pumpOneEventForFilters(EventDispatchThread.java:203)
	at java.desktop/java.awt.EventDispatchThread.pumpEventsForFilter(EventDispatchThread.java:124)
	at java.desktop/java.awt.EventDispatchThread.pumpEventsForHierarchy(EventDispatchThread.java:113)
	at java.desktop/java.awt.EventDispatchThread.pumpEvents(EventDispatchThread.java:109)
	at java.desktop/java.awt.EventDispatchThread.pumpEvents(EventDispatchThread.java:101)
	at java.desktop/java.awt.EventDispatchThread.run(EventDispatchThread.java:90)
Caused by: java.lang.reflect.InvocationTargetException
	at java.base/jdk.internal.reflect.NativeConstructorAccessorImpl.newInstance0(Native Method)
	at java.base/jdk.internal.reflect.NativeConstructorAccessorImpl.newInstance(NativeConstructorAccessorImpl.java:62)
	at java.base/jdk.internal.reflect.DelegatingConstructorAccessorImpl.newInstance(DelegatingConstructorAccessorImpl.java:45)
	at java.base/java.lang.reflect.Constructor.newInstance(Constructor.java:490)
	at eu.darkbot.impl.PluginApiImpl.buildClass(PluginApiImpl.java:113)
	at eu.darkbot.impl.PluginApiImpl.createNewInstance(PluginApiImpl.java:93)
	... 39 more
Caused by: java.lang.SecurityException: Unsigned bot, plugins refuse to load on unsigned bot versions.
	at eu.darkbot.verifier.AuthAPIImpl.isAuthenticated(Unknown Source)
	at eu.darkbot.popcorn.def.VerifierChecker.checkAuthenticity(VerifierChecker.java:30)
	at eu.darkbot.popcorn.def.CaptchaPicker.<init>(CaptchaPicker.java:62)
	... 45 more
[1] eu.darkbot.api.exceptions.FailedCreationException: Exception calling constructor for API: eu.darkbot.popcorn.def.AntiPush
	at eu.darkbot.impl.PluginApiImpl.createNewInstance(PluginApiImpl.java:96)
	at eu.darkbot.impl.PluginApiImpl.getOrCreate(PluginApiImpl.java:74)
	at eu.darkbot.impl.PluginApiImpl.requireInstance(PluginApiImpl.java:149)
	at com.github.manolo8.darkbot.extensions.features.FeatureInstanceLoader.loadFeature(FeatureInstanceLoader.java:41)
	at com.github.manolo8.darkbot.extensions.features.FeatureRegistry.getFeature(FeatureRegistry.java:125)
	at com.github.manolo8.darkbot.extensions.features.FeatureRegistry.getFeature(FeatureRegistry.java:143)
	at java.base/java.util.stream.ReferencePipeline$3$1.accept(ReferencePipeline.java:195)
	at java.base/java.util.stream.ReferencePipeline$3$1.accept(ReferencePipeline.java:195)
	at java.base/java.util.stream.ReferencePipeline$2$1.accept(ReferencePipeline.java:177)
	at java.base/java.util.stream.ReferencePipeline$2$1.accept(ReferencePipeline.java:177)
	at java.base/java.util.Iterator.forEachRemaining(Iterator.java:133)
	at java.base/java.util.Spliterators$IteratorSpliterator.forEachRemaining(Spliterators.java:1801)
	at java.base/java.util.stream.AbstractPipeline.copyInto(AbstractPipeline.java:484)
	at java.base/java.util.stream.AbstractPipeline.wrapAndCopyInto(AbstractPipeline.java:474)
	at java.base/java.util.stream.ReduceOps$ReduceOp.evaluateSequential(ReduceOps.java:913)
	at java.base/java.util.stream.AbstractPipeline.evaluate(AbstractPipeline.java:234)
	at java.base/java.util.stream.ReferencePipeline.collect(ReferencePipeline.java:578)
	at com.github.manolo8.darkbot.extensions.features.handlers.BehaviourHandler.update(BehaviourHandler.java:36)
	at com.github.manolo8.darkbot.extensions.features.FeatureRegisterHandler.update(FeatureRegisterHandler.java:55)
	at java.base/java.util.ArrayList.forEach(ArrayList.java:1541)
	at com.github.manolo8.darkbot.extensions.features.FeatureRegisterHandler.update(FeatureRegisterHandler.java:49)
	at com.github.manolo8.darkbot.extensions.features.FeatureRegistry.afterLoad(FeatureRegistry.java:71)
	at java.base/java.util.ArrayList.forEach(ArrayList.java:1541)
	at com.github.manolo8.darkbot.extensions.plugins.PluginHandler.updatePluginsInternal(PluginHandler.java:152)
	at com.github.manolo8.darkbot.extensions.plugins.PluginHandler.updatePluginsSync(PluginHandler.java:106)
	at com.github.manolo8.darkbot.Main.<init>(Main.java:182)
	at com.github.manolo8.darkbot.Bot.lambda$main$1(Bot.java:75)
	at java.desktop/java.awt.event.InvocationEvent.dispatch(InvocationEvent.java:313)
	at java.desktop/java.awt.EventQueue.dispatchEventImpl(EventQueue.java:770)
	at java.desktop/java.awt.EventQueue$4.run(EventQueue.java:721)
	at java.desktop/java.awt.EventQueue$4.run(EventQueue.java:715)
	at java.base/java.security.AccessController.doPrivileged(Native Method)
	at java.base/java.security.ProtectionDomain$JavaSecurityAccessImpl.doIntersectionPrivilege(ProtectionDomain.java:85)
	at java.desktop/java.awt.EventQueue.dispatchEvent(EventQueue.java:740)
	at java.desktop/java.awt.EventDispatchThread.pumpOneEventForFilters(EventDispatchThread.java:203)
	at java.desktop/java.awt.EventDispatchThread.pumpEventsForFilter(EventDispatchThread.java:124)
	at java.desktop/java.awt.EventDispatchThread.pumpEventsForHierarchy(EventDispatchThread.java:113)
	at java.desktop/java.awt.EventDispatchThread.pumpEvents(EventDispatchThread.java:109)
	at java.desktop/java.awt.EventDispatchThread.pumpEvents(EventDispatchThread.java:101)
	at java.desktop/java.awt.EventDispatchThread.run(EventDispatchThread.java:90)
Caused by: java.lang.reflect.InvocationTargetException
	at java.base/jdk.internal.reflect.NativeConstructorAccessorImpl.newInstance0(Native Method)
	at java.base/jdk.internal.reflect.NativeConstructorAccessorImpl.newInstance(NativeConstructorAccessorImpl.java:62)
	at java.base/jdk.internal.reflect.DelegatingConstructorAccessorImpl.newInstance(DelegatingConstructorAccessorImpl.java:45)
	at java.base/java.lang.reflect.Constructor.newInstance(Constructor.java:490)
	at eu.darkbot.impl.PluginApiImpl.buildClass(PluginApiImpl.java:113)
	at eu.darkbot.impl.PluginApiImpl.createNewInstance(PluginApiImpl.java:93)
	... 39 more
Caused by: java.lang.SecurityException: Unsigned bot, plugins refuse to load on unsigned bot versions.
	at eu.darkbot.verifier.AuthAPIImpl.isAuthenticated(Unknown Source)
	at eu.darkbot.popcorn.def.VerifierChecker.checkAuthenticity(VerifierChecker.java:30)
	at eu.darkbot.popcorn.def.AntiPush.<init>(AntiPush.java:59)
	... 45 more
[1] java.lang.SecurityException: Unsigned bot, plugins refuse to load on unsigned bot versions.
	at eu.darkbot.verifier.AuthAPIImpl.isAuthenticated(Unknown Source)
	at eu.darkbot.popcorn.def.VerifierChecker.checkAuthenticity(VerifierChecker.java:30)
	at eu.darkbot.popcorn.def.FlashPatcher.install(FlashPatcher.java:18)
	at com.github.manolo8.darkbot.extensions.features.decorators.InstallableDecorator.load(InstallableDecorator.java:17)
	at com.github.manolo8.darkbot.extensions.features.decorators.InstallableDecorator.load(InstallableDecorator.java:7)
	at com.github.manolo8.darkbot.extensions.features.decorators.FeatureDecorator.tryLoad(FeatureDecorator.java:23)
	at com.github.manolo8.darkbot.extensions.features.FeatureInstanceLoader.loadFeature(FeatureInstanceLoader.java:43)
	at com.github.manolo8.darkbot.extensions.features.FeatureRegistry.getFeature(FeatureRegistry.java:125)
	at com.github.manolo8.darkbot.extensions.features.FeatureRegistry.getFeature(FeatureRegistry.java:143)
	at java.base/java.util.stream.ReferencePipeline$3$1.accept(ReferencePipeline.java:195)
	at java.base/java.util.stream.ReferencePipeline$3$1.accept(ReferencePipeline.java:195)
	at java.base/java.util.stream.ReferencePipeline$2$1.accept(ReferencePipeline.java:177)
	at java.base/java.util.stream.ReferencePipeline$2$1.accept(ReferencePipeline.java:177)
	at java.base/java.util.Iterator.forEachRemaining(Iterator.java:133)
	at java.base/java.util.Spliterators$IteratorSpliterator.forEachRemaining(Spliterators.java:1801)
	at java.base/java.util.stream.AbstractPipeline.copyInto(AbstractPipeline.java:484)
	at java.base/java.util.stream.AbstractPipeline.wrapAndCopyInto(AbstractPipeline.java:474)
	at java.base/java.util.stream.ReduceOps$ReduceOp.evaluateSequential(ReduceOps.java:913)
	at java.base/java.util.stream.AbstractPipeline.evaluate(AbstractPipeline.java:234)
	at java.base/java.util.stream.ReferencePipeline.collect(ReferencePipeline.java:578)
	at com.github.manolo8.darkbot.extensions.features.handlers.TaskHandler.update(TaskHandler.java:34)
	at com.github.manolo8.darkbot.extensions.features.FeatureRegisterHandler.update(FeatureRegisterHandler.java:55)
	at java.base/java.util.ArrayList.forEach(ArrayList.java:1541)
	at com.github.manolo8.darkbot.extensions.features.FeatureRegisterHandler.update(FeatureRegisterHandler.java:49)
	at com.github.manolo8.darkbot.extensions.features.FeatureRegistry.afterLoad(FeatureRegistry.java:71)
	at java.base/java.util.ArrayList.forEach(ArrayList.java:1541)
	at com.github.manolo8.darkbot.extensions.plugins.PluginHandler.updatePluginsInternal(PluginHandler.java:152)
	at com.github.manolo8.darkbot.extensions.plugins.PluginHandler.updatePluginsSync(PluginHandler.java:106)
	at com.github.manolo8.darkbot.Main.<init>(Main.java:182)
	at com.github.manolo8.darkbot.Bot.lambda$main$1(Bot.java:75)
	at java.desktop/java.awt.event.InvocationEvent.dispatch(InvocationEvent.java:313)
	at java.desktop/java.awt.EventQueue.dispatchEventImpl(EventQueue.java:770)
	at java.desktop/java.awt.EventQueue$4.run(EventQueue.java:721)
	at java.desktop/java.awt.EventQueue$4.run(EventQueue.java:715)
	at java.base/java.security.AccessController.doPrivileged(Native Method)
	at java.base/java.security.ProtectionDomain$JavaSecurityAccessImpl.doIntersectionPrivilege(ProtectionDomain.java:85)
	at java.desktop/java.awt.EventQueue.dispatchEvent(EventQueue.java:740)
	at java.desktop/java.awt.EventDispatchThread.pumpOneEventForFilters(EventDispatchThread.java:203)
	at java.desktop/java.awt.EventDispatchThread.pumpEventsForFilter(EventDispatchThread.java:124)
	at java.desktop/java.awt.EventDispatchThread.pumpEventsForHierarchy(EventDispatchThread.java:113)
	at java.desktop/java.awt.EventDispatchThread.pumpEvents(EventDispatchThread.java:109)
	at java.desktop/java.awt.EventDispatchThread.pumpEvents(EventDispatchThread.java:101)
	at java.desktop/java.awt.EventDispatchThread.run(EventDispatchThread.java:90)
[1] eu.darkbot.api.exceptions.FailedCreationException: Exception calling constructor for API: eu.darkbot.popcorn.def.UserAgentUpdater
	at eu.darkbot.impl.PluginApiImpl.createNewInstance(PluginApiImpl.java:96)
	at eu.darkbot.impl.PluginApiImpl.getOrCreate(PluginApiImpl.java:74)
	at eu.darkbot.impl.PluginApiImpl.requireInstance(PluginApiImpl.java:149)
	at com.github.manolo8.darkbot.extensions.features.FeatureInstanceLoader.loadFeature(FeatureInstanceLoader.java:41)
	at com.github.manolo8.darkbot.extensions.features.FeatureRegistry.getFeature(FeatureRegistry.java:125)
	at com.github.manolo8.darkbot.extensions.features.FeatureRegistry.getFeature(FeatureRegistry.java:143)
	at java.base/java.util.stream.ReferencePipeline$3$1.accept(ReferencePipeline.java:195)
	at java.base/java.util.stream.ReferencePipeline$3$1.accept(ReferencePipeline.java:195)
	at java.base/java.util.stream.ReferencePipeline$2$1.accept(ReferencePipeline.java:177)
	at java.base/java.util.stream.ReferencePipeline$2$1.accept(ReferencePipeline.java:177)
	at java.base/java.util.Iterator.forEachRemaining(Iterator.java:133)
	at java.base/java.util.Spliterators$IteratorSpliterator.forEachRemaining(Spliterators.java:1801)
	at java.base/java.util.stream.AbstractPipeline.copyInto(AbstractPipeline.java:484)
	at java.base/java.util.stream.AbstractPipeline.wrapAndCopyInto(AbstractPipeline.java:474)
	at java.base/java.util.stream.ReduceOps$ReduceOp.evaluateSequential(ReduceOps.java:913)
	at java.base/java.util.stream.AbstractPipeline.evaluate(AbstractPipeline.java:234)
	at java.base/java.util.stream.ReferencePipeline.collect(ReferencePipeline.java:578)
	at com.github.manolo8.darkbot.extensions.features.handlers.TaskHandler.update(TaskHandler.java:34)
	at com.github.manolo8.darkbot.extensions.features.FeatureRegisterHandler.update(FeatureRegisterHandler.java:55)
	at java.base/java.util.ArrayList.forEach(ArrayList.java:1541)
	at com.github.manolo8.darkbot.extensions.features.FeatureRegisterHandler.update(FeatureRegisterHandler.java:49)
	at com.github.manolo8.darkbot.extensions.features.FeatureRegistry.afterLoad(FeatureRegistry.java:71)
	at java.base/java.util.ArrayList.forEach(ArrayList.java:1541)
	at com.github.manolo8.darkbot.extensions.plugins.PluginHandler.updatePluginsInternal(PluginHandler.java:152)
	at com.github.manolo8.darkbot.extensions.plugins.PluginHandler.updatePluginsSync(PluginHandler.java:106)
	at com.github.manolo8.darkbot.Main.<init>(Main.java:182)
	at com.github.manolo8.darkbot.Bot.lambda$main$1(Bot.java:75)
	at java.desktop/java.awt.event.InvocationEvent.dispatch(InvocationEvent.java:313)
	at java.desktop/java.awt.EventQueue.dispatchEventImpl(EventQueue.java:770)
	at java.desktop/java.awt.EventQueue$4.run(EventQueue.java:721)
	at java.desktop/java.awt.EventQueue$4.run(EventQueue.java:715)
	at java.base/java.security.AccessController.doPrivileged(Native Method)
	at java.base/java.security.ProtectionDomain$JavaSecurityAccessImpl.doIntersectionPrivilege(ProtectionDomain.java:85)
	at java.desktop/java.awt.EventQueue.dispatchEvent(EventQueue.java:740)
	at java.desktop/java.awt.EventDispatchThread.pumpOneEventForFilters(EventDispatchThread.java:203)
	at java.desktop/java.awt.EventDispatchThread.pumpEventsForFilter(EventDispatchThread.java:124)
	at java.desktop/java.awt.EventDispatchThread.pumpEventsForHierarchy(EventDispatchThread.java:113)
	at java.desktop/java.awt.EventDispatchThread.pumpEvents(EventDispatchThread.java:109)
	at java.desktop/java.awt.EventDispatchThread.pumpEvents(EventDispatchThread.java:101)
	at java.desktop/java.awt.EventDispatchThread.run(EventDispatchThread.java:90)
Caused by: java.lang.reflect.InvocationTargetException
	at java.base/jdk.internal.reflect.NativeConstructorAccessorImpl.newInstance0(Native Method)
	at java.base/jdk.internal.reflect.NativeConstructorAccessorImpl.newInstance(NativeConstructorAccessorImpl.java:62)
	at java.base/jdk.internal.reflect.DelegatingConstructorAccessorImpl.newInstance(DelegatingConstructorAccessorImpl.java:45)
	at java.base/java.lang.reflect.Constructor.newInstance(Constructor.java:490)
	at eu.darkbot.impl.PluginApiImpl.buildClass(PluginApiImpl.java:113)
	at eu.darkbot.impl.PluginApiImpl.createNewInstance(PluginApiImpl.java:93)
	... 39 more
Caused by: java.lang.SecurityException: Unsigned bot, plugins refuse to load on unsigned bot versions.
	at eu.darkbot.verifier.AuthAPIImpl.isAuthenticated(Unknown Source)
	at eu.darkbot.popcorn.def.VerifierChecker.checkAuthenticity(VerifierChecker.java:30)
	at eu.darkbot.popcorn.def.UserAgentUpdater.<init>(UserAgentUpdater.java:41)
	... 45 more
[2025/06/20 23:58:28.838 | db.core.manager.SettingsManager.tick(SettingsManager.java:69)] Game is using: DirectX9 | force2d: 1
[2025/06/20 23:58:32.768 | db.core.objects.facades.LogMediator.onLogMessage(LogMediator.java:41)] INTEX sistemine hoş geldin
